#Packing pin usage report
Type: BLK-TL-SLICEL
	Input Pin Usage:
		Max: 25.00 (0.78)
		Avg: 18.98 (0.59)
		Min: 3.00 (0.09)
		Histogram:
		[        0:      3.2)  2 (  4.4%) |****
		[      3.2:      6.4)  2 (  4.4%) |****
		[      6.4:      9.6)  0 (  0.0%) |
		[      9.6:       13)  1 (  2.2%) |**
		[       13:       16)  2 (  4.4%) |****
		[       16:       19)  8 ( 17.8%) |*****************
		[       19:       22) 22 ( 48.9%) |************************************************
		[       22:       26)  8 ( 17.8%) |*****************
		[       26:       29)  0 (  0.0%) |
		[       29:       32)  0 (  0.0%) |
	Output Pin Usage:
		Max: 10.00 (0.77)
		Avg: 6.73 (0.52)
		Min: 1.00 (0.08)
		Histogram:
		[        0:      1.3)  1 (  2.2%) |***
		[      1.3:      2.6)  1 (  2.2%) |***
		[      2.6:      3.9)  2 (  4.4%) |*******
		[      3.9:      5.2)  6 ( 13.3%) |*********************
		[      5.2:      6.5)  8 ( 17.8%) |***************************
		[      6.5:      7.8) 10 ( 22.2%) |**********************************
		[      7.8:      9.1) 14 ( 31.1%) |************************************************
		[      9.1:       10)  3 (  6.7%) |**********
		[       10:       12)  0 (  0.0%) |
		[       12:       13)  0 (  0.0%) |

Type: BLK-TL-IOPAD
	Input Pin Usage:
		Max: 2.00 (0.04)
		Avg: 1.60 (0.03)
		Min: 0.00 (0.00)
		Histogram:
		[        0:      5.6) 15 (100.0%) |************************************************
		[      5.6:       11)  0 (  0.0%) |
		[       11:       17)  0 (  0.0%) |
		[       17:       22)  0 (  0.0%) |
		[       22:       28)  0 (  0.0%) |
		[       28:       34)  0 (  0.0%) |
		[       34:       39)  0 (  0.0%) |
		[       39:       45)  0 (  0.0%) |
		[       45:       50)  0 (  0.0%) |
		[       50:       56)  0 (  0.0%) |
	Output Pin Usage:
		Max: 1.00 (0.04)
		Avg: 0.20 (0.01)
		Min: 0.00 (0.00)
		Histogram:
		[        0:      2.4) 15 (100.0%) |************************************************
		[      2.4:      4.8)  0 (  0.0%) |
		[      4.8:      7.2)  0 (  0.0%) |
		[      7.2:      9.6)  0 (  0.0%) |
		[      9.6:       12)  0 (  0.0%) |
		[       12:       14)  0 (  0.0%) |
		[       14:       17)  0 (  0.0%) |
		[       17:       19)  0 (  0.0%) |
		[       19:       22)  0 (  0.0%) |
		[       22:       24)  0 (  0.0%) |

Type: SYN-VCC
	Input Pin Usage:
		Max: 0.00 (-nan)
		Avg: 0.00 (-nan)
		Min: 0.00 (-nan)
	Output Pin Usage:
		Max: 1.00 (1.00)
		Avg: 1.00 (1.00)
		Min: 1.00 (1.00)
		Histogram:
		[        0:      0.1) 0 (  0.0%) |
		[      0.1:      0.2) 0 (  0.0%) |
		[      0.2:      0.3) 0 (  0.0%) |
		[      0.3:      0.4) 0 (  0.0%) |
		[      0.4:      0.5) 0 (  0.0%) |
		[      0.5:      0.6) 0 (  0.0%) |
		[      0.6:      0.7) 0 (  0.0%) |
		[      0.7:      0.8) 0 (  0.0%) |
		[      0.8:      0.9) 0 (  0.0%) |
		[      0.9:        1) 1 (100.0%) |**************************************************

