#Unconstrained setup timing startpoint/endpoint

timing_node_id node_type node_name
-------------- --------- ---------
0 .input btnc.inpad[0]
1 .input btnu.inpad[0]
2 .input clk.inpad[0]
1993 FDRE_ZINI $auto$ff.cc:262:slice$2321_TMR_0_Q_VOTER.D[0]
1994 FDRE_ZINI $auto$ff.cc:262:slice$2321_TMR_1_Q_VOTER.D[0]
1995 FDRE_ZINI $auto$ff.cc:262:slice$2321_TMR_2_Q_VOTER.D[0]
1996 FDRE_ZINI $auto$ff.cc:262:slice$2296_TMR_0_Q_VOTER.R[0]
1997 FDRE_ZINI $auto$ff.cc:262:slice$2296_TMR_1_Q_VOTER.R[0]
1998 FDRE_ZINI $auto$ff.cc:262:slice$2296_TMR_2_Q_VOTER.R[0]
1999 FDRE_ZINI $auto$ff.cc:262:slice$2297_TMR_0_Q_VOTER.R[0]
2000 FDRE_ZINI $auto$ff.cc:262:slice$2297_TMR_1_Q_VOTER.R[0]
2001 FDRE_ZINI $auto$ff.cc:262:slice$2297_TMR_2_Q_VOTER.R[0]
2002 FDRE_ZINI $auto$ff.cc:262:slice$2298_TMR_0_Q_VOTER.R[0]
2003 FDRE_ZINI $auto$ff.cc:262:slice$2298_TMR_1_Q_VOTER.R[0]
2004 FDRE_ZINI $auto$ff.cc:262:slice$2298_TMR_2_Q_VOTER.R[0]
2005 FDRE_ZINI $auto$ff.cc:262:slice$2299_TMR_0_Q_VOTER.R[0]
2006 FDRE_ZINI $auto$ff.cc:262:slice$2299_TMR_1_Q_VOTER.R[0]
2007 FDRE_ZINI $auto$ff.cc:262:slice$2299_TMR_2_Q_VOTER.R[0]
2008 FDRE_ZINI $auto$ff.cc:262:slice$2401_TMR_0_Q_VOTER.R[0]
2009 FDRE_ZINI $auto$ff.cc:262:slice$2401_TMR_1_Q_VOTER.R[0]
2010 FDRE_ZINI $auto$ff.cc:262:slice$2401_TMR_2_Q_VOTER.R[0]
2017 .output out:led_TMR_0[0].outpad[0]
2018 .output out:led_TMR_1[0].outpad[0]
2019 .output out:led_TMR_2[0].outpad[0]
2020 .output out:led_TMR_0[1].outpad[0]
2021 .output out:led_TMR_1[1].outpad[0]
2022 .output out:led_TMR_2[1].outpad[0]
2023 .output out:led_TMR_0[2].outpad[0]
2024 .output out:led_TMR_1[2].outpad[0]
2025 .output out:led_TMR_2[2].outpad[0]
2026 .output out:led_TMR_0[3].outpad[0]
2027 .output out:led_TMR_1[3].outpad[0]
2028 .output out:led_TMR_2[3].outpad[0]

#End of unconstrained setup startpoint/endpoint report
